<?xml version="1.0" encoding="UTF-8"?>
<!-- Generated by org.testng.reporters.JUnitReportReporter -->
<testsuite hostname="QSIH-00268" name="com.proware.tests.PlaceSelectionTest" tests="1" failures="0" timestamp="19 Jan 2016 02:33:03 GMT" time="11.960" errors="0">
  <testcase name="VerifyOffer" time="11.960" classname="com.proware.tests.PlaceSelectionTest"/>
</testsuite> <!-- com.proware.tests.PlaceSelectionTest -->
